<?xml version="1.0" encoding="UTF-8"?>
<!-- Generated by org.testng.reporters.JUnitXMLReporter -->
<testsuite hostname="Sanjib-PC" ignored="3" name="Default test" tests="1" failures="0" timestamp="24 Jul 2019 05:29:47 GMT" time="39.879" errors="0">
  <testcase name="accUserSrchTest" time="0.467" classname="com.cakesclub.qa.testcases.CustomersPageTest"/>
  <testcase name="accCustViewTest" time="0.0" classname="com.cakesclub.qa.testcases.CustomersPageTest">
    <ignored/>
  </testcase> <!-- accCustViewTest -->
  <testcase name="validateCusPageTest" time="0.0" classname="com.cakesclub.qa.testcases.CustomersPageTest">
    <ignored/>
  </testcase> <!-- validateCusPageTest -->
  <testcase name="accCustOrderTest" time="0.0" classname="com.cakesclub.qa.testcases.CustomersPageTest">
    <ignored/>
  </testcase> <!-- accCustOrderTest -->
</testsuite> <!-- Default test -->
