<?xml version="1.0" encoding="UTF-8"?>
<testng-results skipped="0" failed="0" ignored="3" total="4" passed="1">
  <reporter-output>
  </reporter-output>
  <suite name="Default suite" duration-ms="39879" started-at="2019-07-24T05:29:04Z" finished-at="2019-07-24T05:29:44Z">
    <groups>
    </groups>
    <test name="Default test" duration-ms="39879" started-at="2019-07-24T05:29:04Z" finished-at="2019-07-24T05:29:44Z">
      <class name="com.cakesclub.qa.testcases.CustomersPageTest">
        <test-method status="PASS" signature="Setup()[pri:0, instance:com.cakesclub.qa.testcases.CustomersPageTest@68c4039c]" name="Setup" is-config="true" duration-ms="39348" started-at="2019-07-24T05:29:04Z" finished-at="2019-07-24T05:29:44Z">
          <reporter-output>
          </reporter-output>
        </test-method> <!-- Setup -->
        <test-method status="PASS" signature="accUserSrchTest()[pri:0, instance:com.cakesclub.qa.testcases.CustomersPageTest@68c4039c]" name="accUserSrchTest" duration-ms="467" started-at="2019-07-24T05:29:44Z" finished-at="2019-07-24T05:29:44Z">
          <reporter-output>
          </reporter-output>
        </test-method> <!-- accUserSrchTest -->
      </class> <!-- com.cakesclub.qa.testcases.CustomersPageTest -->
    </test> <!-- Default test -->
  </suite> <!-- Default suite -->
</testng-results>
